2019-09-20 12:51:57.101 [main] INFO  com.itmayiedu.MemberWebService - No active profile set, falling back to default profiles: default
2019-09-20 12:52:02.279 [main] INFO  org.apache.catalina.core.StandardService - Starting service Tomcat
2019-09-20 12:52:02.281 [main] INFO  org.apache.catalina.core.StandardEngine - Starting Servlet Engine: Apache Tomcat/8.5.14
2019-09-20 12:52:02.710 [localhost-startStop-1] INFO  org.apache.catalina.core.ContainerBase.[Tomcat].[localhost].[/] - Initializing Spring embedded WebApplicationContext
2019-09-20 12:52:14.473 [main] WARN  com.netflix.config.sources.URLConfigurationSource - No URLs will be polled as dynamic configuration sources.
2019-09-20 12:52:14.473 [main] INFO  com.netflix.config.sources.URLConfigurationSource - To enable URLs as dynamic configuration sources, define System property archaius.configurationSource.additionalUrls or make config.properties available on classpath.
2019-09-20 12:52:14.480 [main] WARN  com.netflix.config.sources.URLConfigurationSource - No URLs will be polled as dynamic configuration sources.
2019-09-20 12:52:14.480 [main] INFO  com.netflix.config.sources.URLConfigurationSource - To enable URLs as dynamic configuration sources, define System property archaius.configurationSource.additionalUrls or make config.properties available on classpath.
2019-09-20 12:52:15.573 [main] INFO  com.netflix.discovery.DiscoveryClient - Initializing Eureka in region us-east-1
2019-09-20 12:52:17.416 [main] INFO  com.netflix.discovery.provider.DiscoveryJerseyProvider - Using JSON encoding codec LegacyJacksonJson
2019-09-20 12:52:17.417 [main] INFO  com.netflix.discovery.provider.DiscoveryJerseyProvider - Using JSON decoding codec LegacyJacksonJson
2019-09-20 12:52:17.769 [main] INFO  com.netflix.discovery.provider.DiscoveryJerseyProvider - Using XML encoding codec XStreamXml
2019-09-20 12:52:17.769 [main] INFO  com.netflix.discovery.provider.DiscoveryJerseyProvider - Using XML decoding codec XStreamXml
2019-09-20 12:52:18.312 [main] INFO  com.netflix.discovery.shared.resolver.aws.ConfigClusterResolver - Resolving eureka endpoints via configuration
2019-09-20 12:52:19.440 [main] INFO  com.netflix.discovery.DiscoveryClient - Disable delta property : false
2019-09-20 12:52:19.441 [main] INFO  com.netflix.discovery.DiscoveryClient - Single vip registry refresh property : null
2019-09-20 12:52:19.441 [main] INFO  com.netflix.discovery.DiscoveryClient - Force full registry fetch : false
2019-09-20 12:52:19.441 [main] INFO  com.netflix.discovery.DiscoveryClient - Application is null : false
2019-09-20 12:52:19.441 [main] INFO  com.netflix.discovery.DiscoveryClient - Registered Applications size is zero : true
2019-09-20 12:52:19.441 [main] INFO  com.netflix.discovery.DiscoveryClient - Application version is -1: true
2019-09-20 12:52:19.441 [main] INFO  com.netflix.discovery.DiscoveryClient - Getting all instance registry info from the eureka server
2019-09-20 12:52:19.858 [main] INFO  com.netflix.discovery.DiscoveryClient - The response status is 200
2019-09-20 12:52:19.860 [main] INFO  com.netflix.discovery.DiscoveryClient - Starting heartbeat executor: renew interval is: 30
2019-09-20 12:52:19.864 [main] INFO  com.netflix.discovery.InstanceInfoReplicator - InstanceInfoReplicator onDemand update allowed rate per min is 4
2019-09-20 12:52:19.871 [main] INFO  com.netflix.discovery.DiscoveryClient - Discovery Client initialized at timestamp 1568955139870 with initial instances count: 1
2019-09-20 12:52:19.912 [main] INFO  com.netflix.discovery.DiscoveryClient - Saw local status change event StatusChangeEvent [timestamp=1568955139912, current=UP, previous=STARTING]
2019-09-20 12:52:19.927 [DiscoveryClient-InstanceInfoReplicator-0] INFO  com.netflix.discovery.DiscoveryClient - DiscoveryClient_MEMBER/deng-PC.lan:member:8762: registering service...
2019-09-20 12:52:20.307 [main] INFO  org.apache.coyote.http11.Http11NioProtocol - Initializing ProtocolHandler ["http-nio-8762"]
2019-09-20 12:52:20.347 [main] INFO  org.apache.coyote.http11.Http11NioProtocol - Starting ProtocolHandler ["http-nio-8762"]
2019-09-20 12:52:20.369 [main] INFO  org.apache.tomcat.util.net.NioSelectorPool - Using a shared selector for servlet write/read
2019-09-20 12:52:20.432 [main] INFO  com.itmayiedu.MemberWebService - Started MemberWebService in 31.23 seconds (JVM running for 36.636)
2019-09-20 12:52:20.530 [DiscoveryClient-InstanceInfoReplicator-0] INFO  com.netflix.discovery.DiscoveryClient - DiscoveryClient_MEMBER/deng-PC.lan:member:8762 - registration status: 204
2019-09-20 12:52:45.016 [RMI TCP Connection(3)-192.168.233.1] INFO  com.alibaba.druid.pool.DruidDataSource - {dataSource-1} inited
2019-09-20 12:57:19.464 [AsyncResolver-bootstrap-executor-0] INFO  com.netflix.discovery.shared.resolver.aws.ConfigClusterResolver - Resolving eureka endpoints via configuration
2019-09-20 12:57:30.646 [http-nio-8762-exec-1] INFO  org.apache.catalina.core.ContainerBase.[Tomcat].[localhost].[/] - Initializing Spring FrameworkServlet 'dispatcherServlet'
2019-09-20 12:57:30.747 [http-nio-8762-exec-1] INFO  com.itmayiedu.common.log.LogAspectServiceApi - ===============请求内容===============
2019-09-20 12:57:30.747 [http-nio-8762-exec-1] INFO  com.itmayiedu.common.log.LogAspectServiceApi - 请求地址:http://deng-PC.lan:8762/member/regist
2019-09-20 12:57:30.747 [http-nio-8762-exec-1] INFO  com.itmayiedu.common.log.LogAspectServiceApi - 请求方式:POST
2019-09-20 12:57:30.747 [http-nio-8762-exec-1] INFO  com.itmayiedu.common.log.LogAspectServiceApi - 请求类方法:Map com.itmayiedu.member.ServiceImpl.UserServiceImpl.regist(UserEntity)
2019-09-20 12:57:30.747 [http-nio-8762-exec-1] INFO  com.itmayiedu.common.log.LogAspectServiceApi - 请求类方法参数:[com.itmayiedu.entity.UserEntity@21f83981]
2019-09-20 12:57:30.747 [http-nio-8762-exec-1] INFO  com.itmayiedu.common.log.LogAspectServiceApi - ===============请求内容===============
2019-09-20 12:57:31.812 [http-nio-8762-exec-1] INFO  com.itmayiedu.member.ServiceImpl.manage.impl.UserServiceManageImpl - ###regist()注册发送邮件报文message:{}{"header":{"interfaceType":"sms_mail"},"content":{"userName":"zhangsan","email":"zhangsan@qq.com"}}
2019-09-20 12:57:37.943 [http-nio-8762-exec-1] INFO  com.itmayiedu.common.log.LogAspectServiceApi - --------------返回内容----------------
2019-09-20 12:57:37.943 [http-nio-8762-exec-1] INFO  com.itmayiedu.common.log.LogAspectServiceApi - Response内容:{"code":200,"success":"success"}
2019-09-20 12:57:37.943 [http-nio-8762-exec-1] INFO  com.itmayiedu.common.log.LogAspectServiceApi - --------------返回内容----------------
2019-09-20 13:02:19.487 [AsyncResolver-bootstrap-executor-0] INFO  com.netflix.discovery.shared.resolver.aws.ConfigClusterResolver - Resolving eureka endpoints via configuration
2019-09-20 13:07:19.498 [AsyncResolver-bootstrap-executor-0] INFO  com.netflix.discovery.shared.resolver.aws.ConfigClusterResolver - Resolving eureka endpoints via configuration
2019-09-20 13:12:19.508 [AsyncResolver-bootstrap-executor-0] INFO  com.netflix.discovery.shared.resolver.aws.ConfigClusterResolver - Resolving eureka endpoints via configuration
2019-09-20 13:17:19.522 [AsyncResolver-bootstrap-executor-0] INFO  com.netflix.discovery.shared.resolver.aws.ConfigClusterResolver - Resolving eureka endpoints via configuration
2019-09-20 13:22:19.532 [AsyncResolver-bootstrap-executor-0] INFO  com.netflix.discovery.shared.resolver.aws.ConfigClusterResolver - Resolving eureka endpoints via configuration
2019-09-20 13:27:19.543 [AsyncResolver-bootstrap-executor-0] INFO  com.netflix.discovery.shared.resolver.aws.ConfigClusterResolver - Resolving eureka endpoints via configuration
2019-09-20 13:32:19.563 [AsyncResolver-bootstrap-executor-0] INFO  com.netflix.discovery.shared.resolver.aws.ConfigClusterResolver - Resolving eureka endpoints via configuration
2019-09-20 13:37:19.572 [AsyncResolver-bootstrap-executor-0] INFO  com.netflix.discovery.shared.resolver.aws.ConfigClusterResolver - Resolving eureka endpoints via configuration
2019-09-20 13:42:19.582 [AsyncResolver-bootstrap-executor-0] INFO  com.netflix.discovery.shared.resolver.aws.ConfigClusterResolver - Resolving eureka endpoints via configuration
2019-09-20 13:47:19.601 [AsyncResolver-bootstrap-executor-0] INFO  com.netflix.discovery.shared.resolver.aws.ConfigClusterResolver - Resolving eureka endpoints via configuration
2019-09-20 13:52:19.653 [AsyncResolver-bootstrap-executor-0] INFO  com.netflix.discovery.shared.resolver.aws.ConfigClusterResolver - Resolving eureka endpoints via configuration
2019-09-20 13:57:19.662 [AsyncResolver-bootstrap-executor-0] INFO  com.netflix.discovery.shared.resolver.aws.ConfigClusterResolver - Resolving eureka endpoints via configuration
2019-09-20 14:02:19.673 [AsyncResolver-bootstrap-executor-0] INFO  com.netflix.discovery.shared.resolver.aws.ConfigClusterResolver - Resolving eureka endpoints via configuration
2019-09-20 14:07:19.682 [AsyncResolver-bootstrap-executor-0] INFO  com.netflix.discovery.shared.resolver.aws.ConfigClusterResolver - Resolving eureka endpoints via configuration
2019-09-20 14:12:19.693 [AsyncResolver-bootstrap-executor-0] INFO  com.netflix.discovery.shared.resolver.aws.ConfigClusterResolver - Resolving eureka endpoints via configuration
2019-09-20 14:17:19.714 [AsyncResolver-bootstrap-executor-0] INFO  com.netflix.discovery.shared.resolver.aws.ConfigClusterResolver - Resolving eureka endpoints via configuration
2019-09-20 14:22:19.730 [AsyncResolver-bootstrap-executor-0] INFO  com.netflix.discovery.shared.resolver.aws.ConfigClusterResolver - Resolving eureka endpoints via configuration
2019-09-20 14:27:19.739 [AsyncResolver-bootstrap-executor-0] INFO  com.netflix.discovery.shared.resolver.aws.ConfigClusterResolver - Resolving eureka endpoints via configuration
2019-09-20 14:32:19.755 [AsyncResolver-bootstrap-executor-0] INFO  com.netflix.discovery.shared.resolver.aws.ConfigClusterResolver - Resolving eureka endpoints via configuration
2019-09-20 14:37:19.767 [AsyncResolver-bootstrap-executor-0] INFO  com.netflix.discovery.shared.resolver.aws.ConfigClusterResolver - Resolving eureka endpoints via configuration
2019-09-20 14:42:19.776 [AsyncResolver-bootstrap-executor-0] INFO  com.netflix.discovery.shared.resolver.aws.ConfigClusterResolver - Resolving eureka endpoints via configuration
2019-09-20 14:47:19.832 [AsyncResolver-bootstrap-executor-0] INFO  com.netflix.discovery.shared.resolver.aws.ConfigClusterResolver - Resolving eureka endpoints via configuration
2019-09-20 14:52:19.851 [AsyncResolver-bootstrap-executor-0] INFO  com.netflix.discovery.shared.resolver.aws.ConfigClusterResolver - Resolving eureka endpoints via configuration
2019-09-20 14:57:19.876 [AsyncResolver-bootstrap-executor-0] INFO  com.netflix.discovery.shared.resolver.aws.ConfigClusterResolver - Resolving eureka endpoints via configuration
2019-09-20 15:02:19.979 [AsyncResolver-bootstrap-executor-0] INFO  com.netflix.discovery.shared.resolver.aws.ConfigClusterResolver - Resolving eureka endpoints via configuration
2019-09-20 15:07:20.219 [AsyncResolver-bootstrap-executor-0] INFO  com.netflix.discovery.shared.resolver.aws.ConfigClusterResolver - Resolving eureka endpoints via configuration
2019-09-20 15:12:20.306 [AsyncResolver-bootstrap-executor-0] INFO  com.netflix.discovery.shared.resolver.aws.ConfigClusterResolver - Resolving eureka endpoints via configuration
2019-09-20 15:17:20.419 [AsyncResolver-bootstrap-executor-0] INFO  com.netflix.discovery.shared.resolver.aws.ConfigClusterResolver - Resolving eureka endpoints via configuration
2019-09-20 15:22:20.483 [AsyncResolver-bootstrap-executor-0] INFO  com.netflix.discovery.shared.resolver.aws.ConfigClusterResolver - Resolving eureka endpoints via configuration
2019-09-20 15:27:20.566 [AsyncResolver-bootstrap-executor-0] INFO  com.netflix.discovery.shared.resolver.aws.ConfigClusterResolver - Resolving eureka endpoints via configuration
2019-09-20 15:32:20.629 [AsyncResolver-bootstrap-executor-0] INFO  com.netflix.discovery.shared.resolver.aws.ConfigClusterResolver - Resolving eureka endpoints via configuration
2019-09-20 15:37:20.740 [AsyncResolver-bootstrap-executor-0] INFO  com.netflix.discovery.shared.resolver.aws.ConfigClusterResolver - Resolving eureka endpoints via configuration
2019-09-20 15:42:20.912 [AsyncResolver-bootstrap-executor-0] INFO  com.netflix.discovery.shared.resolver.aws.ConfigClusterResolver - Resolving eureka endpoints via configuration
2019-09-20 15:47:20.989 [AsyncResolver-bootstrap-executor-0] INFO  com.netflix.discovery.shared.resolver.aws.ConfigClusterResolver - Resolving eureka endpoints via configuration
2019-09-20 15:52:21.091 [AsyncResolver-bootstrap-executor-0] INFO  com.netflix.discovery.shared.resolver.aws.ConfigClusterResolver - Resolving eureka endpoints via configuration
2019-09-20 15:57:21.189 [AsyncResolver-bootstrap-executor-0] INFO  com.netflix.discovery.shared.resolver.aws.ConfigClusterResolver - Resolving eureka endpoints via configuration
